<?xml version="1.0" encoding="UTF-8"?>
<!-- Generated by org.testng.reporters.JUnitXMLReporter -->
<testsuite ignored="0" hostname="LAPTOP-KLIE8R0M" failures="0" tests="3" name="Default test" time="5.516" errors="0" timestamp="2023-07-28T16:13:20 IST">
  <testcase classname="FirstRestAssuredProgram.DataDrivenExample" name="test_2_delete" time="3.271"/>
  <testcase classname="FirstRestAssuredProgram.DataDrivenExample" name="test_post" time="1.095"/>
  <testcase classname="FirstRestAssuredProgram.DataDrivenExample" name="test_post" time="1.075"/>
</testsuite> <!-- Default test -->
