<?xml version="1.0" encoding="UTF-8"?>
<testng-results ignored="0" total="3" passed="3" failed="0" skipped="0">
  <reporter-output>
  </reporter-output>
  <suite started-at="2023-07-28T16:13:14 IST" name="Default suite" finished-at="2023-07-28T16:13:20 IST" duration-ms="5516">
    <groups>
    </groups>
    <test started-at="2023-07-28T16:13:14 IST" name="Default test" finished-at="2023-07-28T16:13:20 IST" duration-ms="5516">
      <class name="FirstRestAssuredProgram.DataDrivenExample">
        <test-method signature="test_2_delete(java.lang.String,java.lang.String)[pri:0, instance:FirstRestAssuredProgram.DataDrivenExample@8dbdac1]" started-at="2023-07-28T16:13:14 IST" name="test_2_delete" data-provider="dataForDelete" finished-at="2023-07-28T16:13:17 IST" duration-ms="3271" status="PASS">
          <params>
            <param index="0">
              <value>
                <![CDATA[Thomas]]>
              </value>
            </param>
            <param index="1">
              <value>
                <![CDATA[Scientist]]>
              </value>
            </param>
          </params>
          <reporter-output>
          </reporter-output>
        </test-method> <!-- test_2_delete -->
        <test-method signature="test_post(java.lang.String,java.lang.String)[pri:0, instance:FirstRestAssuredProgram.DataDrivenExample@8dbdac1]" started-at="2023-07-28T16:13:17 IST" name="test_post" data-provider="dataForPost" finished-at="2023-07-28T16:13:19 IST" duration-ms="1095" status="PASS">
          <params>
            <param index="0">
              <value>
                <![CDATA[Thomas]]>
              </value>
            </param>
            <param index="1">
              <value>
                <![CDATA[Scientist]]>
              </value>
            </param>
          </params>
          <reporter-output>
          </reporter-output>
        </test-method> <!-- test_post -->
        <test-method signature="test_post(java.lang.String,java.lang.String)[pri:0, instance:FirstRestAssuredProgram.DataDrivenExample@8dbdac1]" started-at="2023-07-28T16:13:19 IST" name="test_post" data-provider="dataForPost" finished-at="2023-07-28T16:13:20 IST" duration-ms="1075" status="PASS">
          <params>
            <param index="0">
              <value>
                <![CDATA[Graham]]>
              </value>
            </param>
            <param index="1">
              <value>
                <![CDATA[Scientist]]>
              </value>
            </param>
          </params>
          <reporter-output>
          </reporter-output>
        </test-method> <!-- test_post -->
      </class> <!-- FirstRestAssuredProgram.DataDrivenExample -->
    </test> <!-- Default test -->
  </suite> <!-- Default suite -->
</testng-results>
